usage: main.py
       [-h]
       [--yaml_config_file YAML_CONFIG_FILE]
       [--run_id RUN_ID]
       [--rank RANK]
       [--local_rank LOCAL_RANK]
       [--node_rank NODE_RANK]
       [--role ROLE]
       [--run_device_id RUN_DEVICE_ID]
       [--worker_num WORKER_NUM]
       [--gpu_util_parse GPU_UTIL_PARSE]
       [--random_seed RANDOM_SEED]
       [--federated_optimizer FEDERATED_OPTIMIZER]
       [--client_num_in_total CLIENT_NUM_IN_TOTAL]
       [--client_num_per_round CLIENT_NUM_PER_ROUND]
       [--comm_round COMM_ROUND]
       [--time_budget TIME_BUDGET]
       [--epochs EPOCHS]
       [--client_optimizer CLIENT_OPTIMIZER]
       [--learning_rate LEARNING_RATE]
       [--momentum MOMENTUM]
       [--server_optimizer SERVER_OPTIMIZER]
       [--server_lr SERVER_LR]
       [--server_momentum SERVER_MOMENTUM]
       [--group_num GROUP_NUM]
       [--group_method GROUP_METHOD]
       [--group_alpha GROUP_ALPHA]
       [--topo_name TOPO_NAME]
       [--group_comm_pattern GROUP_COMM_PATTERN]
       [--group_comm_round GROUP_COMM_ROUND]
       [--enable_ns3]
       [--enable_dynamic_topo]
       [--access_link_capacity ACCESS_LINK_CAPACITY]
       [--core_link_capacity CORE_LINK_CAPACITY]
       [--lan_capacity LAN_CAPACITY]
       [--local_update_time LOCAL_UPDATE_TIME]
       [--override_cmd_args]
main.py: error: argument --lan_capacity: invalid float value: 'LAN_CAPACITY'
usage: main.py
       [-h]
       [--yaml_config_file YAML_CONFIG_FILE]
       [--run_id RUN_ID]
       [--rank RANK]
       [--local_rank LOCAL_RANK]
       [--node_rank NODE_RANK]
       [--role ROLE]
       [--run_device_id RUN_DEVICE_ID]
       [--worker_num WORKER_NUM]
       [--gpu_util_parse GPU_UTIL_PARSE]
       [--random_seed RANDOM_SEED]
       [--federated_optimizer FEDERATED_OPTIMIZER]
       [--client_num_in_total CLIENT_NUM_IN_TOTAL]
       [--client_num_per_round CLIENT_NUM_PER_ROUND]
       [--comm_round COMM_ROUND]
       [--time_budget TIME_BUDGET]
       [--epochs EPOCHS]
       [--client_optimizer CLIENT_OPTIMIZER]
       [--learning_rate LEARNING_RATE]
       [--momentum MOMENTUM]
       [--server_optimizer SERVER_OPTIMIZER]
       [--server_lr SERVER_LR]
       [--server_momentum SERVER_MOMENTUM]
       [--group_num GROUP_NUM]
       [--group_method GROUP_METHOD]
       [--group_alpha GROUP_ALPHA]
       [--topo_name TOPO_NAME]
       [--group_comm_pattern GROUP_COMM_PATTERN]
       [--group_comm_round GROUP_COMM_ROUND]
       [--enable_ns3]
       [--enable_dynamic_topo]
       [--access_link_capacity ACCESS_LINK_CAPACITY]
       [--core_link_capacity CORE_LINK_CAPACITY]
       [--lan_capacity LAN_CAPACITY]
       [--local_update_time LOCAL_UPDATE_TIME]
       [--override_cmd_args]
main.py: error: argument --lan_capacity: invalid float value: 'LAN_CAPACITY'
usage: main.py
       [-h]
       [--yaml_config_file YAML_CONFIG_FILE]
       [--run_id RUN_ID]
       [--rank RANK]
       [--local_rank LOCAL_RANK]
       [--node_rank NODE_RANK]
       [--role ROLE]
       [--run_device_id RUN_DEVICE_ID]
       [--worker_num WORKER_NUM]
       [--gpu_util_parse GPU_UTIL_PARSE]
       [--random_seed RANDOM_SEED]
       [--federated_optimizer FEDERATED_OPTIMIZER]
       [--client_num_in_total CLIENT_NUM_IN_TOTAL]
       [--client_num_per_round CLIENT_NUM_PER_ROUND]
       [--comm_round COMM_ROUND]
       [--time_budget TIME_BUDGET]
       [--epochs EPOCHS]
       [--client_optimizer CLIENT_OPTIMIZER]
       [--learning_rate LEARNING_RATE]
       [--momentum MOMENTUM]
       [--server_optimizer SERVER_OPTIMIZER]
       [--server_lr SERVER_LR]
       [--server_momentum SERVER_MOMENTUM]
       [--group_num GROUP_NUM]
       [--group_method GROUP_METHOD]
       [--group_alpha GROUP_ALPHA]
       [--topo_name TOPO_NAME]
       [--group_comm_pattern GROUP_COMM_PATTERN]
       [--group_comm_round GROUP_COMM_ROUND]
       [--enable_ns3]
       [--enable_dynamic_topo]
       [--access_link_capacity ACCESS_LINK_CAPACITY]
       [--core_link_capacity CORE_LINK_CAPACITY]
       [--lan_capacity LAN_CAPACITY]
       [--local_update_time LOCAL_UPDATE_TIME]
       [--override_cmd_args]
main.py: error: argument --lan_capacity: invalid float value: 'LAN_CAPACITY'
usage: main.py
       [-h]
       [--yaml_config_file YAML_CONFIG_FILE]
       [--run_id RUN_ID]
       [--rank RANK]
       [--local_rank LOCAL_RANK]
       [--node_rank NODE_RANK]
       [--role ROLE]
       [--run_device_id RUN_DEVICE_ID]
       [--worker_num WORKER_NUM]
       [--gpu_util_parse GPU_UTIL_PARSE]
       [--random_seed RANDOM_SEED]
       [--federated_optimizer FEDERATED_OPTIMIZER]
       [--client_num_in_total CLIENT_NUM_IN_TOTAL]
       [--client_num_per_round CLIENT_NUM_PER_ROUND]
       [--comm_round COMM_ROUND]
       [--time_budget TIME_BUDGET]
       [--epochs EPOCHS]
       [--client_optimizer CLIENT_OPTIMIZER]
       [--learning_rate LEARNING_RATE]
       [--momentum MOMENTUM]
       [--server_optimizer SERVER_OPTIMIZER]
       [--server_lr SERVER_LR]
       [--server_momentum SERVER_MOMENTUM]
       [--group_num GROUP_NUM]
       [--group_method GROUP_METHOD]
       [--group_alpha GROUP_ALPHA]
       [--topo_name TOPO_NAME]
       [--group_comm_pattern GROUP_COMM_PATTERN]
       [--group_comm_round GROUP_COMM_ROUND]
       [--enable_ns3]
       [--enable_dynamic_topo]
       [--access_link_capacity ACCESS_LINK_CAPACITY]
       [--core_link_capacity CORE_LINK_CAPACITY]
       [--lan_capacity LAN_CAPACITY]
       [--local_update_time LOCAL_UPDATE_TIME]
       [--override_cmd_args]
main.py: error: argument --lan_capacity: invalid float value: 'LAN_CAPACITY'
usage: main.py
       [-h]
       [--yaml_config_file YAML_CONFIG_FILE]
       [--run_id RUN_ID]
       [--rank RANK]
       [--local_rank LOCAL_RANK]
       [--node_rank NODE_RANK]
       [--role ROLE]
       [--run_device_id RUN_DEVICE_ID]
       [--worker_num WORKER_NUM]
       [--gpu_util_parse GPU_UTIL_PARSE]
       [--random_seed RANDOM_SEED]
       [--federated_optimizer FEDERATED_OPTIMIZER]
       [--client_num_in_total CLIENT_NUM_IN_TOTAL]
       [--client_num_per_round CLIENT_NUM_PER_ROUND]
       [--comm_round COMM_ROUND]
       [--time_budget TIME_BUDGET]
       [--epochs EPOCHS]
       [--client_optimizer CLIENT_OPTIMIZER]
       [--learning_rate LEARNING_RATE]
       [--momentum MOMENTUM]
       [--server_optimizer SERVER_OPTIMIZER]
       [--server_lr SERVER_LR]
       [--server_momentum SERVER_MOMENTUM]
       [--group_num GROUP_NUM]
       [--group_method GROUP_METHOD]
       [--group_alpha GROUP_ALPHA]
       [--topo_name TOPO_NAME]
       [--group_comm_pattern GROUP_COMM_PATTERN]
       [--group_comm_round GROUP_COMM_ROUND]
       [--enable_ns3]
       [--enable_dynamic_topo]
       [--access_link_capacity ACCESS_LINK_CAPACITY]
       [--core_link_capacity CORE_LINK_CAPACITY]
       [--lan_capacity LAN_CAPACITY]
       [--local_update_time LOCAL_UPDATE_TIME]
       [--override_cmd_args]
main.py: error: argument --lan_capacity: invalid float value: 'LAN_CAPACITY'
usage: main.py
       [-h]
       [--yaml_config_file YAML_CONFIG_FILE]
       [--run_id RUN_ID]
       [--rank RANK]
       [--local_rank LOCAL_RANK]
       [--node_rank NODE_RANK]
       [--role ROLE]
       [--run_device_id RUN_DEVICE_ID]
       [--worker_num WORKER_NUM]
       [--gpu_util_parse GPU_UTIL_PARSE]
       [--random_seed RANDOM_SEED]
       [--federated_optimizer FEDERATED_OPTIMIZER]
       [--client_num_in_total CLIENT_NUM_IN_TOTAL]
       [--client_num_per_round CLIENT_NUM_PER_ROUND]
       [--comm_round COMM_ROUND]
       [--time_budget TIME_BUDGET]
       [--epochs EPOCHS]
       [--client_optimizer CLIENT_OPTIMIZER]
       [--learning_rate LEARNING_RATE]
       [--momentum MOMENTUM]
       [--server_optimizer SERVER_OPTIMIZER]
       [--server_lr SERVER_LR]
       [--server_momentum SERVER_MOMENTUM]
       [--group_num GROUP_NUM]
       [--group_method GROUP_METHOD]
       [--group_alpha GROUP_ALPHA]
       [--topo_name TOPO_NAME]
       [--group_comm_pattern GROUP_COMM_PATTERN]
       [--group_comm_round GROUP_COMM_ROUND]
       [--enable_ns3]
       [--enable_dynamic_topo]
       [--access_link_capacity ACCESS_LINK_CAPACITY]
       [--core_link_capacity CORE_LINK_CAPACITY]
       [--lan_capacity LAN_CAPACITY]
       [--local_update_time LOCAL_UPDATE_TIME]
       [--override_cmd_args]
main.py: error: argument --lan_capacity: invalid float value: 'LAN_CAPACITY'
usage: main.py
       [-h]
       [--yaml_config_file YAML_CONFIG_FILE]
       [--run_id RUN_ID]
       [--rank RANK]
       [--local_rank LOCAL_RANK]
       [--node_rank NODE_RANK]
       [--role ROLE]
       [--run_device_id RUN_DEVICE_ID]
       [--worker_num WORKER_NUM]
       [--gpu_util_parse GPU_UTIL_PARSE]
       [--random_seed RANDOM_SEED]
       [--federated_optimizer FEDERATED_OPTIMIZER]
       [--client_num_in_total CLIENT_NUM_IN_TOTAL]
       [--client_num_per_round CLIENT_NUM_PER_ROUND]
       [--comm_round COMM_ROUND]
       [--time_budget TIME_BUDGET]
       [--epochs EPOCHS]
       [--client_optimizer CLIENT_OPTIMIZER]
       [--learning_rate LEARNING_RATE]
       [--momentum MOMENTUM]
       [--server_optimizer SERVER_OPTIMIZER]
       [--server_lr SERVER_LR]
       [--server_momentum SERVER_MOMENTUM]
       [--group_num GROUP_NUM]
       [--group_method GROUP_METHOD]
       [--group_alpha GROUP_ALPHA]
       [--topo_name TOPO_NAME]
       [--group_comm_pattern GROUP_COMM_PATTERN]
       [--group_comm_round GROUP_COMM_ROUND]
       [--enable_ns3]
       [--enable_dynamic_topo]
       [--access_link_capacity ACCESS_LINK_CAPACITY]
       [--core_link_capacity CORE_LINK_CAPACITY]
       [--lan_capacity LAN_CAPACITY]
       [--local_update_time LOCAL_UPDATE_TIME]
       [--override_cmd_args]
main.py: error: argument --lan_capacity: invalid float value: 'LAN_CAPACITY'
usage: main.py
       [-h]
       [--yaml_config_file YAML_CONFIG_FILE]
       [--run_id RUN_ID]
       [--rank RANK]
       [--local_rank LOCAL_RANK]
       [--node_rank NODE_RANK]
       [--role ROLE]
       [--run_device_id RUN_DEVICE_ID]
       [--worker_num WORKER_NUM]
       [--gpu_util_parse GPU_UTIL_PARSE]
       [--random_seed RANDOM_SEED]
       [--federated_optimizer FEDERATED_OPTIMIZER]
       [--client_num_in_total CLIENT_NUM_IN_TOTAL]
       [--client_num_per_round CLIENT_NUM_PER_ROUND]
       [--comm_round COMM_ROUND]
       [--time_budget TIME_BUDGET]
       [--epochs EPOCHS]
       [--client_optimizer CLIENT_OPTIMIZER]
       [--learning_rate LEARNING_RATE]
       [--momentum MOMENTUM]
       [--server_optimizer SERVER_OPTIMIZER]
       [--server_lr SERVER_LR]
       [--server_momentum SERVER_MOMENTUM]
       [--group_num GROUP_NUM]
       [--group_method GROUP_METHOD]
       [--group_alpha GROUP_ALPHA]
       [--topo_name TOPO_NAME]
       [--group_comm_pattern GROUP_COMM_PATTERN]
       [--group_comm_round GROUP_COMM_ROUND]
       [--enable_ns3]
       [--enable_dynamic_topo]
       [--access_link_capacity ACCESS_LINK_CAPACITY]
       [--core_link_capacity CORE_LINK_CAPACITY]
       [--lan_capacity LAN_CAPACITY]
       [--local_update_time LOCAL_UPDATE_TIME]
       [--override_cmd_args]
main.py: error: argument --lan_capacity: invalid float value: 'LAN_CAPACITY'
usage: main.py
       [-h]
       [--yaml_config_file YAML_CONFIG_FILE]
       [--run_id RUN_ID]
       [--rank RANK]
       [--local_rank LOCAL_RANK]
       [--node_rank NODE_RANK]
       [--role ROLE]
       [--run_device_id RUN_DEVICE_ID]
       [--worker_num WORKER_NUM]
       [--gpu_util_parse GPU_UTIL_PARSE]
       [--random_seed RANDOM_SEED]
       [--federated_optimizer FEDERATED_OPTIMIZER]
       [--client_num_in_total CLIENT_NUM_IN_TOTAL]
       [--client_num_per_round CLIENT_NUM_PER_ROUND]
       [--comm_round COMM_ROUND]
       [--time_budget TIME_BUDGET]
       [--epochs EPOCHS]
       [--client_optimizer CLIENT_OPTIMIZER]
       [--learning_rate LEARNING_RATE]
       [--momentum MOMENTUM]
       [--server_optimizer SERVER_OPTIMIZER]
       [--server_lr SERVER_LR]
       [--server_momentum SERVER_MOMENTUM]
       [--group_num GROUP_NUM]
       [--group_method GROUP_METHOD]
       [--group_alpha GROUP_ALPHA]
       [--topo_name TOPO_NAME]
       [--group_comm_pattern GROUP_COMM_PATTERN]
       [--group_comm_round GROUP_COMM_ROUND]
       [--enable_ns3]
       [--enable_dynamic_topo]
       [--access_link_capacity ACCESS_LINK_CAPACITY]
       [--core_link_capacity CORE_LINK_CAPACITY]
       [--lan_capacity LAN_CAPACITY]
       [--local_update_time LOCAL_UPDATE_TIME]
       [--override_cmd_args]
main.py: error: argument --lan_capacity: invalid float value: 'LAN_CAPACITY'
usage: main.py
       [-h]
       [--yaml_config_file YAML_CONFIG_FILE]
       [--run_id RUN_ID]
       [--rank RANK]
       [--local_rank LOCAL_RANK]
       [--node_rank NODE_RANK]
       [--role ROLE]
       [--run_device_id RUN_DEVICE_ID]
       [--worker_num WORKER_NUM]
       [--gpu_util_parse GPU_UTIL_PARSE]
       [--random_seed RANDOM_SEED]
       [--federated_optimizer FEDERATED_OPTIMIZER]
       [--client_num_in_total CLIENT_NUM_IN_TOTAL]
       [--client_num_per_round CLIENT_NUM_PER_ROUND]
       [--comm_round COMM_ROUND]
       [--time_budget TIME_BUDGET]
       [--epochs EPOCHS]
       [--client_optimizer CLIENT_OPTIMIZER]
       [--learning_rate LEARNING_RATE]
       [--momentum MOMENTUM]
       [--server_optimizer SERVER_OPTIMIZER]
       [--server_lr SERVER_LR]
       [--server_momentum SERVER_MOMENTUM]
       [--group_num GROUP_NUM]
       [--group_method GROUP_METHOD]
       [--group_alpha GROUP_ALPHA]
       [--topo_name TOPO_NAME]
       [--group_comm_pattern GROUP_COMM_PATTERN]
       [--group_comm_round GROUP_COMM_ROUND]
       [--enable_ns3]
       [--enable_dynamic_topo]
       [--access_link_capacity ACCESS_LINK_CAPACITY]
       [--core_link_capacity CORE_LINK_CAPACITY]
       [--lan_capacity LAN_CAPACITY]
       [--local_update_time LOCAL_UPDATE_TIME]
       [--override_cmd_args]
main.py: error: argument --lan_capacity: invalid float value: 'LAN_CAPACITY'
